2014/10/04 01:24:31 [error] [exception.CDbException] exception 'CDbException' with message 'CDbConnection failed to open the DB connection: SQLSTATE[28000] [1045] Access denied for user 'root'@'localhost' (using password: YES)' in /var/www/yii/framework/db/CDbConnection.php:382
Stack trace:
#0 /var/www/yii/framework/db/CDbConnection.php(330): CDbConnection->open()
#1 /var/www/yii/framework/db/CDbConnection.php(308): CDbConnection->setActive(true)
#2 /var/www/yii/framework/base/CModule.php(387): CDbConnection->init()
#3 /var/www/yii/framework/base/CModule.php(103): CModule->getComponent('db')
#4 /var/www/yii/framework/gii/generators/model/ModelCode.php(60): CModule->__get('db')
#5 /var/www/yii/framework/web/CFormModel.php(39): ModelCode->init()
#6 /var/www/yii/framework/gii/CCodeGenerator.php(153): CFormModel->__construct()
#7 /var/www/yii/framework/gii/CCodeGenerator.php(63): CCodeGenerator->prepare()
#8 /var/www/yii/framework/web/actions/CInlineAction.php(49): CCodeGenerator->actionIndex()
#9 /var/www/yii/framework/web/CController.php(308): CInlineAction->runWithParams(Array)
#10 /var/www/yii/framework/web/CController.php(286): CController->runAction(Object(CInlineAction))
#11 /var/www/yii/framework/web/CController.php(265): CController->runActionWithFilters(Object(CInlineAction), Array)
#12 /var/www/yii/framework/web/CWebApplication.php(282): CController->run('index')
#13 /var/www/yii/framework/web/CWebApplication.php(141): CWebApplication->runController('gii/model/index')
#14 /var/www/yii/framework/base/CApplication.php(180): CWebApplication->processRequest()
#15 /var/www/ribom/index.php(13): CApplication->run()
#16 {main}
REQUEST_URI=/ribom/index.php/gii/model/index
HTTP_REFERER=http://127.0.0.1/ribom/index.php/gii/default/index
---
2014/10/04 01:38:21 [error] [system.db.CDbCommand] CDbCommand::execute() failed: SQLSTATE[23000]: Integrity constraint violation: 1452 Cannot add or update a child row: a foreign key constraint fails (`ribom`.`dept_name`, CONSTRAINT `fk_dept_name_1` FOREIGN KEY (`dept_id`) REFERENCES `departments` (`deptid`) ON DELETE CASCADE ON UPDATE NO ACTION). The SQL statement executed was: INSERT INTO `dept_name` (`dept_id`, `dept_name`) VALUES (:yp0, :yp1).
in /var/www/ribom/protected/controllers/DepartmentNameController.php (73)
in /var/www/ribom/index.php (13)
2014/10/04 01:38:21 [error] [exception.CDbException] exception 'CDbException' with message 'CDbCommand failed to execute the SQL statement: SQLSTATE[23000]: Integrity constraint violation: 1452 Cannot add or update a child row: a foreign key constraint fails (`ribom`.`dept_name`, CONSTRAINT `fk_dept_name_1` FOREIGN KEY (`dept_id`) REFERENCES `departments` (`deptid`) ON DELETE CASCADE ON UPDATE NO ACTION). The SQL statement executed was: INSERT INTO `dept_name` (`dept_id`, `dept_name`) VALUES (:yp0, :yp1)' in /var/www/yii/framework/db/CDbCommand.php:358
Stack trace:
#0 /var/www/yii/framework/db/ar/CActiveRecord.php(1077): CDbCommand->execute()
#1 /var/www/yii/framework/db/ar/CActiveRecord.php(806): CActiveRecord->insert(NULL)
#2 /var/www/ribom/protected/controllers/DepartmentNameController.php(73): CActiveRecord->save()
#3 /var/www/yii/framework/web/actions/CInlineAction.php(49): DepartmentNameController->actionCreate()
#4 /var/www/yii/framework/web/CController.php(308): CInlineAction->runWithParams(Array)
#5 /var/www/yii/framework/web/filters/CFilterChain.php(133): CController->runAction(Object(CInlineAction))
#6 /var/www/yii/framework/web/filters/CFilter.php(40): CFilterChain->run()
#7 /var/www/yii/framework/web/CController.php(1145): CFilter->filter(Object(CFilterChain))
#8 /var/www/yii/framework/web/filters/CInlineFilter.php(58): CController->filterAccessControl(Object(CFilterChain))
#9 /var/www/yii/framework/web/filters/CFilterChain.php(130): CInlineFilter->filter(Object(CFilterChain))
#10 /var/www/yii/framework/web/CController.php(291): CFilterChain->run()
#11 /var/www/yii/framework/web/CController.php(265): CController->runActionWithFilters(Object(CInlineAction), Array)
#12 /var/www/yii/framework/web/CWebApplication.php(282): CController->run('create')
#13 /var/www/yii/framework/web/CWebApplication.php(141): CWebApplication->runController('departmentName/...')
#14 /var/www/yii/framework/base/CApplication.php(180): CWebApplication->processRequest()
#15 /var/www/ribom/index.php(13): CApplication->run()
#16 {main}
REQUEST_URI=/ribom/index.php/departmentName/create
HTTP_REFERER=http://127.0.0.1/ribom/index.php/departmentName/create
---
2014/10/04 02:24:44 [error] [exception.CHttpException.404] exception 'CHttpException' with message 'Unable to resolve the request "giix/crud/index".' in /var/www/yii/framework/web/CWebApplication.php:286
Stack trace:
#0 /var/www/yii/framework/web/CWebApplication.php(141): CWebApplication->runController('giix/crud/index')
#1 /var/www/yii/framework/base/CApplication.php(180): CWebApplication->processRequest()
#2 /var/www/ribom/index.php(13): CApplication->run()
#3 {main}
REQUEST_URI=/ribom/index.php/giix/crud/index
---
2014/10/04 02:24:47 [error] [exception.CHttpException.404] exception 'CHttpException' with message 'Unable to resolve the request "giix".' in /var/www/yii/framework/web/CWebApplication.php:286
Stack trace:
#0 /var/www/yii/framework/web/CWebApplication.php(141): CWebApplication->runController('giix')
#1 /var/www/yii/framework/base/CApplication.php(180): CWebApplication->processRequest()
#2 /var/www/ribom/index.php(13): CApplication->run()
#3 {main}
REQUEST_URI=/ribom/index.php/giix/
---
2014/10/04 02:25:48 [error] [exception.CHttpException.404] exception 'CHttpException' with message 'Unable to resolve the request "giix".' in /var/www/yii/framework/web/CWebApplication.php:286
Stack trace:
#0 /var/www/yii/framework/web/CWebApplication.php(141): CWebApplication->runController('giix')
#1 /var/www/yii/framework/base/CApplication.php(180): CWebApplication->processRequest()
#2 /var/www/ribom/index.php(13): CApplication->run()
#3 {main}
REQUEST_URI=/ribom/index.php/giix/
---
2014/10/04 05:23:33 [error] [system.db.CDbCommand] CDbCommand::execute() failed: SQLSTATE[23000]: Integrity constraint violation: 1062 Duplicate entry 'C32' for key 'PRIMARY'. The SQL statement executed was: INSERT INTO `dept_name` (`dept_id`, `dept_name`) VALUES (:yp0, :yp1).
in /var/www/ribom/protected/controllers/DepartmentNameController.php (73)
in /var/www/ribom/index.php (13)
2014/10/04 05:23:33 [error] [exception.CDbException] exception 'CDbException' with message 'CDbCommand failed to execute the SQL statement: SQLSTATE[23000]: Integrity constraint violation: 1062 Duplicate entry 'C32' for key 'PRIMARY'. The SQL statement executed was: INSERT INTO `dept_name` (`dept_id`, `dept_name`) VALUES (:yp0, :yp1)' in /var/www/yii/framework/db/CDbCommand.php:358
Stack trace:
#0 /var/www/yii/framework/db/ar/CActiveRecord.php(1077): CDbCommand->execute()
#1 /var/www/yii/framework/db/ar/CActiveRecord.php(806): CActiveRecord->insert(NULL)
#2 /var/www/ribom/protected/controllers/DepartmentNameController.php(73): CActiveRecord->save()
#3 /var/www/yii/framework/web/actions/CInlineAction.php(49): DepartmentNameController->actionCreate()
#4 /var/www/yii/framework/web/CController.php(308): CInlineAction->runWithParams(Array)
#5 /var/www/yii/framework/web/filters/CFilterChain.php(133): CController->runAction(Object(CInlineAction))
#6 /var/www/yii/framework/web/filters/CFilter.php(40): CFilterChain->run()
#7 /var/www/yii/framework/web/CController.php(1145): CFilter->filter(Object(CFilterChain))
#8 /var/www/yii/framework/web/filters/CInlineFilter.php(58): CController->filterAccessControl(Object(CFilterChain))
#9 /var/www/yii/framework/web/filters/CFilterChain.php(130): CInlineFilter->filter(Object(CFilterChain))
#10 /var/www/yii/framework/web/CController.php(291): CFilterChain->run()
#11 /var/www/yii/framework/web/CController.php(265): CController->runActionWithFilters(Object(CInlineAction), Array)
#12 /var/www/yii/framework/web/CWebApplication.php(282): CController->run('create')
#13 /var/www/yii/framework/web/CWebApplication.php(141): CWebApplication->runController('departmentName/...')
#14 /var/www/yii/framework/base/CApplication.php(180): CWebApplication->processRequest()
#15 /var/www/ribom/index.php(13): CApplication->run()
#16 {main}
REQUEST_URI=/ribom/index.php/departmentName/create
HTTP_REFERER=http://127.0.0.1/ribom/index.php/departmentName/create
---
2014/10/04 05:26:57 [error] [system.db.CDbCommand] CDbCommand::execute() failed: SQLSTATE[23000]: Integrity constraint violation: 1062 Duplicate entry 'C32' for key 'PRIMARY'. The SQL statement executed was: INSERT INTO `dept_name` (`dept_id`, `dept_name`) VALUES (:yp0, :yp1).
in /var/www/ribom/protected/controllers/DepartmentNameController.php (73)
in /var/www/ribom/index.php (13)
2014/10/04 05:26:57 [error] [exception.CDbException] exception 'CDbException' with message 'CDbCommand failed to execute the SQL statement: SQLSTATE[23000]: Integrity constraint violation: 1062 Duplicate entry 'C32' for key 'PRIMARY'. The SQL statement executed was: INSERT INTO `dept_name` (`dept_id`, `dept_name`) VALUES (:yp0, :yp1)' in /var/www/yii/framework/db/CDbCommand.php:358
Stack trace:
#0 /var/www/yii/framework/db/ar/CActiveRecord.php(1077): CDbCommand->execute()
#1 /var/www/yii/framework/db/ar/CActiveRecord.php(806): CActiveRecord->insert(NULL)
#2 /var/www/ribom/protected/controllers/DepartmentNameController.php(73): CActiveRecord->save()
#3 /var/www/yii/framework/web/actions/CInlineAction.php(49): DepartmentNameController->actionCreate()
#4 /var/www/yii/framework/web/CController.php(308): CInlineAction->runWithParams(Array)
#5 /var/www/yii/framework/web/filters/CFilterChain.php(133): CController->runAction(Object(CInlineAction))
#6 /var/www/yii/framework/web/filters/CFilter.php(40): CFilterChain->run()
#7 /var/www/yii/framework/web/CController.php(1145): CFilter->filter(Object(CFilterChain))
#8 /var/www/yii/framework/web/filters/CInlineFilter.php(58): CController->filterAccessControl(Object(CFilterChain))
#9 /var/www/yii/framework/web/filters/CFilterChain.php(130): CInlineFilter->filter(Object(CFilterChain))
#10 /var/www/yii/framework/web/CController.php(291): CFilterChain->run()
#11 /var/www/yii/framework/web/CController.php(265): CController->runActionWithFilters(Object(CInlineAction), Array)
#12 /var/www/yii/framework/web/CWebApplication.php(282): CController->run('create')
#13 /var/www/yii/framework/web/CWebApplication.php(141): CWebApplication->runController('departmentName/...')
#14 /var/www/yii/framework/base/CApplication.php(180): CWebApplication->processRequest()
#15 /var/www/ribom/index.php(13): CApplication->run()
#16 {main}
REQUEST_URI=/ribom/index.php/departmentName/create
HTTP_REFERER=http://127.0.0.1/ribom/index.php/departmentName/create
---
2014/10/04 05:26:58 [error] [system.db.CDbCommand] CDbCommand::execute() failed: SQLSTATE[23000]: Integrity constraint violation: 1062 Duplicate entry 'C32' for key 'PRIMARY'. The SQL statement executed was: INSERT INTO `dept_name` (`dept_id`, `dept_name`) VALUES (:yp0, :yp1).
in /var/www/ribom/protected/controllers/DepartmentNameController.php (73)
in /var/www/ribom/index.php (13)
2014/10/04 05:26:58 [error] [exception.CDbException] exception 'CDbException' with message 'CDbCommand failed to execute the SQL statement: SQLSTATE[23000]: Integrity constraint violation: 1062 Duplicate entry 'C32' for key 'PRIMARY'. The SQL statement executed was: INSERT INTO `dept_name` (`dept_id`, `dept_name`) VALUES (:yp0, :yp1)' in /var/www/yii/framework/db/CDbCommand.php:358
Stack trace:
#0 /var/www/yii/framework/db/ar/CActiveRecord.php(1077): CDbCommand->execute()
#1 /var/www/yii/framework/db/ar/CActiveRecord.php(806): CActiveRecord->insert(NULL)
#2 /var/www/ribom/protected/controllers/DepartmentNameController.php(73): CActiveRecord->save()
#3 /var/www/yii/framework/web/actions/CInlineAction.php(49): DepartmentNameController->actionCreate()
#4 /var/www/yii/framework/web/CController.php(308): CInlineAction->runWithParams(Array)
#5 /var/www/yii/framework/web/filters/CFilterChain.php(133): CController->runAction(Object(CInlineAction))
#6 /var/www/yii/framework/web/filters/CFilter.php(40): CFilterChain->run()
#7 /var/www/yii/framework/web/CController.php(1145): CFilter->filter(Object(CFilterChain))
#8 /var/www/yii/framework/web/filters/CInlineFilter.php(58): CController->filterAccessControl(Object(CFilterChain))
#9 /var/www/yii/framework/web/filters/CFilterChain.php(130): CInlineFilter->filter(Object(CFilterChain))
#10 /var/www/yii/framework/web/CController.php(291): CFilterChain->run()
#11 /var/www/yii/framework/web/CController.php(265): CController->runActionWithFilters(Object(CInlineAction), Array)
#12 /var/www/yii/framework/web/CWebApplication.php(282): CController->run('create')
#13 /var/www/yii/framework/web/CWebApplication.php(141): CWebApplication->runController('departmentName/...')
#14 /var/www/yii/framework/base/CApplication.php(180): CWebApplication->processRequest()
#15 /var/www/ribom/index.php(13): CApplication->run()
#16 {main}
REQUEST_URI=/ribom/index.php/departmentName/create
HTTP_REFERER=http://127.0.0.1/ribom/index.php/departmentName/create
---
2014/10/04 05:33:10 [error] [system.db.CDbCommand] CDbCommand::execute() failed: SQLSTATE[23000]: Integrity constraint violation: 1062 Duplicate entry 'C32' for key 'PRIMARY'. The SQL statement executed was: INSERT INTO `dept_name` (`dept_id`, `dept_name`) VALUES (:yp0, :yp1).
in /var/www/ribom/protected/controllers/DepartmentNameController.php (73)
in /var/www/ribom/index.php (13)
2014/10/04 05:33:10 [error] [exception.CDbException] exception 'CDbException' with message 'CDbCommand failed to execute the SQL statement: SQLSTATE[23000]: Integrity constraint violation: 1062 Duplicate entry 'C32' for key 'PRIMARY'. The SQL statement executed was: INSERT INTO `dept_name` (`dept_id`, `dept_name`) VALUES (:yp0, :yp1)' in /var/www/yii/framework/db/CDbCommand.php:358
Stack trace:
#0 /var/www/yii/framework/db/ar/CActiveRecord.php(1077): CDbCommand->execute()
#1 /var/www/yii/framework/db/ar/CActiveRecord.php(806): CActiveRecord->insert(NULL)
#2 /var/www/ribom/protected/controllers/DepartmentNameController.php(73): CActiveRecord->save()
#3 /var/www/yii/framework/web/actions/CInlineAction.php(49): DepartmentNameController->actionCreate()
#4 /var/www/yii/framework/web/CController.php(308): CInlineAction->runWithParams(Array)
#5 /var/www/yii/framework/web/filters/CFilterChain.php(133): CController->runAction(Object(CInlineAction))
#6 /var/www/yii/framework/web/filters/CFilter.php(40): CFilterChain->run()
#7 /var/www/yii/framework/web/CController.php(1145): CFilter->filter(Object(CFilterChain))
#8 /var/www/yii/framework/web/filters/CInlineFilter.php(58): CController->filterAccessControl(Object(CFilterChain))
#9 /var/www/yii/framework/web/filters/CFilterChain.php(130): CInlineFilter->filter(Object(CFilterChain))
#10 /var/www/yii/framework/web/CController.php(291): CFilterChain->run()
#11 /var/www/yii/framework/web/CController.php(265): CController->runActionWithFilters(Object(CInlineAction), Array)
#12 /var/www/yii/framework/web/CWebApplication.php(282): CController->run('create')
#13 /var/www/yii/framework/web/CWebApplication.php(141): CWebApplication->runController('departmentName/...')
#14 /var/www/yii/framework/base/CApplication.php(180): CWebApplication->processRequest()
#15 /var/www/ribom/index.php(13): CApplication->run()
#16 {main}
REQUEST_URI=/ribom/index.php/departmentName/create
HTTP_REFERER=http://127.0.0.1/ribom/index.php/departmentName/create
---
2014/10/04 05:33:20 [error] [system.db.CDbCommand] CDbCommand::execute() failed: SQLSTATE[23000]: Integrity constraint violation: 1062 Duplicate entry 'C32' for key 'PRIMARY'. The SQL statement executed was: INSERT INTO `dept_name` (`dept_id`, `dept_name`) VALUES (:yp0, :yp1).
in /var/www/ribom/protected/controllers/DepartmentNameController.php (73)
in /var/www/ribom/index.php (13)
2014/10/04 05:33:20 [error] [exception.CDbException] exception 'CDbException' with message 'CDbCommand failed to execute the SQL statement: SQLSTATE[23000]: Integrity constraint violation: 1062 Duplicate entry 'C32' for key 'PRIMARY'. The SQL statement executed was: INSERT INTO `dept_name` (`dept_id`, `dept_name`) VALUES (:yp0, :yp1)' in /var/www/yii/framework/db/CDbCommand.php:358
Stack trace:
#0 /var/www/yii/framework/db/ar/CActiveRecord.php(1077): CDbCommand->execute()
#1 /var/www/yii/framework/db/ar/CActiveRecord.php(806): CActiveRecord->insert(NULL)
#2 /var/www/ribom/protected/controllers/DepartmentNameController.php(73): CActiveRecord->save()
#3 /var/www/yii/framework/web/actions/CInlineAction.php(49): DepartmentNameController->actionCreate()
#4 /var/www/yii/framework/web/CController.php(308): CInlineAction->runWithParams(Array)
#5 /var/www/yii/framework/web/filters/CFilterChain.php(133): CController->runAction(Object(CInlineAction))
#6 /var/www/yii/framework/web/filters/CFilter.php(40): CFilterChain->run()
#7 /var/www/yii/framework/web/CController.php(1145): CFilter->filter(Object(CFilterChain))
#8 /var/www/yii/framework/web/filters/CInlineFilter.php(58): CController->filterAccessControl(Object(CFilterChain))
#9 /var/www/yii/framework/web/filters/CFilterChain.php(130): CInlineFilter->filter(Object(CFilterChain))
#10 /var/www/yii/framework/web/CController.php(291): CFilterChain->run()
#11 /var/www/yii/framework/web/CController.php(265): CController->runActionWithFilters(Object(CInlineAction), Array)
#12 /var/www/yii/framework/web/CWebApplication.php(282): CController->run('create')
#13 /var/www/yii/framework/web/CWebApplication.php(141): CWebApplication->runController('departmentName/...')
#14 /var/www/yii/framework/base/CApplication.php(180): CWebApplication->processRequest()
#15 /var/www/ribom/index.php(13): CApplication->run()
#16 {main}
REQUEST_URI=/ribom/index.php/departmentName/create
HTTP_REFERER=http://127.0.0.1/ribom/index.php/departmentName/create
---
2014/10/04 05:34:30 [error] [exception.CHttpException.400] exception 'CHttpException' with message 'Your request is invalid.' in /var/www/yii/framework/web/CController.php:336
Stack trace:
#0 /var/www/yii/framework/web/CController.php(309): CController->invalidActionParams(Object(CInlineAction))
#1 /var/www/yii/framework/web/filters/CFilterChain.php(133): CController->runAction(Object(CInlineAction))
#2 /var/www/yii/framework/web/CController.php(1116): CFilterChain->run()
#3 /var/www/yii/framework/web/filters/CInlineFilter.php(58): CController->filterPostOnly(Object(CFilterChain))
#4 /var/www/yii/framework/web/filters/CFilterChain.php(130): CInlineFilter->filter(Object(CFilterChain))
#5 /var/www/yii/framework/web/filters/CFilter.php(40): CFilterChain->run()
#6 /var/www/yii/framework/web/CController.php(1145): CFilter->filter(Object(CFilterChain))
#7 /var/www/yii/framework/web/filters/CInlineFilter.php(58): CController->filterAccessControl(Object(CFilterChain))
#8 /var/www/yii/framework/web/filters/CFilterChain.php(130): CInlineFilter->filter(Object(CFilterChain))
#9 /var/www/yii/framework/web/CController.php(291): CFilterChain->run()
#10 /var/www/yii/framework/web/CController.php(265): CController->runActionWithFilters(Object(CInlineAction), Array)
#11 /var/www/yii/framework/web/CWebApplication.php(282): CController->run('delete')
#12 /var/www/yii/framework/web/CWebApplication.php(141): CWebApplication->runController('departmentName/...')
#13 /var/www/yii/framework/base/CApplication.php(180): CWebApplication->processRequest()
#14 /var/www/ribom/index.php(13): CApplication->run()
#15 {main}
REQUEST_URI=/ribom/index.php/departmentName/delete/T12?ajax=department-name-grid
HTTP_REFERER=http://127.0.0.1/ribom/index.php/departmentName/admin
---
2014/10/04 05:34:42 [error] [exception.CHttpException.400] exception 'CHttpException' with message 'Your request is invalid.' in /var/www/yii/framework/web/CController.php:336
Stack trace:
#0 /var/www/yii/framework/web/CController.php(309): CController->invalidActionParams(Object(CInlineAction))
#1 /var/www/yii/framework/web/filters/CFilterChain.php(133): CController->runAction(Object(CInlineAction))
#2 /var/www/yii/framework/web/CController.php(1116): CFilterChain->run()
#3 /var/www/yii/framework/web/filters/CInlineFilter.php(58): CController->filterPostOnly(Object(CFilterChain))
#4 /var/www/yii/framework/web/filters/CFilterChain.php(130): CInlineFilter->filter(Object(CFilterChain))
#5 /var/www/yii/framework/web/filters/CFilter.php(40): CFilterChain->run()
#6 /var/www/yii/framework/web/CController.php(1145): CFilter->filter(Object(CFilterChain))
#7 /var/www/yii/framework/web/filters/CInlineFilter.php(58): CController->filterAccessControl(Object(CFilterChain))
#8 /var/www/yii/framework/web/filters/CFilterChain.php(130): CInlineFilter->filter(Object(CFilterChain))
#9 /var/www/yii/framework/web/CController.php(291): CFilterChain->run()
#10 /var/www/yii/framework/web/CController.php(265): CController->runActionWithFilters(Object(CInlineAction), Array)
#11 /var/www/yii/framework/web/CWebApplication.php(282): CController->run('delete')
#12 /var/www/yii/framework/web/CWebApplication.php(141): CWebApplication->runController('departmentName/...')
#13 /var/www/yii/framework/base/CApplication.php(180): CWebApplication->processRequest()
#14 /var/www/ribom/index.php(13): CApplication->run()
#15 {main}
REQUEST_URI=/ribom/index.php/departmentName/delete/T12?ajax=department-name-grid
HTTP_REFERER=http://127.0.0.1/ribom/index.php/departmentName/admin
---
2014/10/04 05:35:40 [error] [exception.CHttpException.400] exception 'CHttpException' with message 'Your request is invalid.' in /var/www/yii/framework/web/CController.php:336
Stack trace:
#0 /var/www/yii/framework/web/CController.php(309): CController->invalidActionParams(Object(CInlineAction))
#1 /var/www/yii/framework/web/filters/CFilterChain.php(133): CController->runAction(Object(CInlineAction))
#2 /var/www/yii/framework/web/CController.php(1116): CFilterChain->run()
#3 /var/www/yii/framework/web/filters/CInlineFilter.php(58): CController->filterPostOnly(Object(CFilterChain))
#4 /var/www/yii/framework/web/filters/CFilterChain.php(130): CInlineFilter->filter(Object(CFilterChain))
#5 /var/www/yii/framework/web/filters/CFilter.php(40): CFilterChain->run()
#6 /var/www/yii/framework/web/CController.php(1145): CFilter->filter(Object(CFilterChain))
#7 /var/www/yii/framework/web/filters/CInlineFilter.php(58): CController->filterAccessControl(Object(CFilterChain))
#8 /var/www/yii/framework/web/filters/CFilterChain.php(130): CInlineFilter->filter(Object(CFilterChain))
#9 /var/www/yii/framework/web/CController.php(291): CFilterChain->run()
#10 /var/www/yii/framework/web/CController.php(265): CController->runActionWithFilters(Object(CInlineAction), Array)
#11 /var/www/yii/framework/web/CWebApplication.php(282): CController->run('delete')
#12 /var/www/yii/framework/web/CWebApplication.php(141): CWebApplication->runController('departmentName/...')
#13 /var/www/yii/framework/base/CApplication.php(180): CWebApplication->processRequest()
#14 /var/www/ribom/index.php(13): CApplication->run()
#15 {main}
REQUEST_URI=/ribom/index.php/departmentName/delete/C92?ajax=department-name-grid
HTTP_REFERER=http://127.0.0.1/ribom/index.php/departmentName/admin
---
2014/10/04 05:36:08 [error] [exception.CHttpException.400] exception 'CHttpException' with message 'Your request is invalid.' in /var/www/yii/framework/web/CController.php:1118
Stack trace:
#0 /var/www/yii/framework/web/filters/CInlineFilter.php(58): CController->filterPostOnly(Object(CFilterChain))
#1 /var/www/yii/framework/web/filters/CFilterChain.php(130): CInlineFilter->filter(Object(CFilterChain))
#2 /var/www/yii/framework/web/filters/CFilter.php(40): CFilterChain->run()
#3 /var/www/yii/framework/web/CController.php(1145): CFilter->filter(Object(CFilterChain))
#4 /var/www/yii/framework/web/filters/CInlineFilter.php(58): CController->filterAccessControl(Object(CFilterChain))
#5 /var/www/yii/framework/web/filters/CFilterChain.php(130): CInlineFilter->filter(Object(CFilterChain))
#6 /var/www/yii/framework/web/CController.php(291): CFilterChain->run()
#7 /var/www/yii/framework/web/CController.php(265): CController->runActionWithFilters(Object(CInlineAction), Array)
#8 /var/www/yii/framework/web/CWebApplication.php(282): CController->run('delete')
#9 /var/www/yii/framework/web/CWebApplication.php(141): CWebApplication->runController('departmentName/...')
#10 /var/www/yii/framework/base/CApplication.php(180): CWebApplication->processRequest()
#11 /var/www/ribom/index.php(13): CApplication->run()
#12 {main}
REQUEST_URI=/ribom/index.php/departmentName/delete/C92
HTTP_REFERER=http://127.0.0.1/ribom/index.php/departmentName/admin
---
2014/10/04 05:36:15 [error] [exception.CHttpException.404] exception 'CHttpException' with message 'The system is unable to find the requested action "C11".' in /var/www/yii/framework/web/CController.php:483
Stack trace:
#0 /var/www/yii/framework/web/CController.php(270): CController->missingAction('C11')
#1 /var/www/yii/framework/web/CWebApplication.php(282): CController->run('C11')
#2 /var/www/yii/framework/web/CWebApplication.php(141): CWebApplication->runController('departmentName/...')
#3 /var/www/yii/framework/base/CApplication.php(180): CWebApplication->processRequest()
#4 /var/www/ribom/index.php(13): CApplication->run()
#5 {main}
REQUEST_URI=/ribom/index.php/departmentName/C11
HTTP_REFERER=http://127.0.0.1/ribom/index.php/departmentName/index
---
2014/10/04 05:55:27 [error] [exception.CHttpException.404] exception 'CHttpException' with message 'Unable to resolve the request "subclasstName/create".' in /var/www/yii/framework/web/CWebApplication.php:286
Stack trace:
#0 /var/www/yii/framework/web/CWebApplication.php(141): CWebApplication->runController('subclasstName/c...')
#1 /var/www/yii/framework/base/CApplication.php(180): CWebApplication->processRequest()
#2 /var/www/ribom/index.php(13): CApplication->run()
#3 {main}
REQUEST_URI=/ribom/index.php?r=subclasstName/create
---
2014/10/04 06:14:55 [error] [system.db.CDbCommand] CDbCommand::fetchAll() failed: SQLSTATE[42S02]: Base table or view not found: 1146 Table 'ribom.departments' doesn't exist. The SQL statement executed was: SHOW FULL COLUMNS FROM `departments`.
in /var/www/ribom/index.php (13)
2014/10/04 06:14:55 [error] [system.db.CDbCommand] CDbCommand::fetchAll() failed: SQLSTATE[42S02]: Base table or view not found: 1146 Table 'ribom.countries' doesn't exist. The SQL statement executed was: SHOW FULL COLUMNS FROM `countries`.
in /var/www/ribom/index.php (13)
2014/10/04 06:14:58 [error] [system.db.CDbCommand] CDbCommand::fetchAll() failed: SQLSTATE[42S02]: Base table or view not found: 1146 Table 'ribom.departments' doesn't exist. The SQL statement executed was: SHOW FULL COLUMNS FROM `departments`.
in /var/www/ribom/index.php (13)
2014/10/04 06:14:58 [error] [system.db.CDbCommand] CDbCommand::fetchAll() failed: SQLSTATE[42S02]: Base table or view not found: 1146 Table 'ribom.countries' doesn't exist. The SQL statement executed was: SHOW FULL COLUMNS FROM `countries`.
in /var/www/ribom/index.php (13)
2014/10/04 06:21:41 [error] [exception.CHttpException.404] exception 'CHttpException' with message 'Unable to resolve the request "dcsname".' in /var/www/yii/framework/web/CWebApplication.php:286
Stack trace:
#0 /var/www/yii/framework/web/CWebApplication.php(141): CWebApplication->runController('dcsname')
#1 /var/www/yii/framework/base/CApplication.php(180): CWebApplication->processRequest()
#2 /var/www/ribom/index.php(13): CApplication->run()
#3 {main}
REQUEST_URI=/ribom/index.php?r=dcsname
---
2014/10/04 06:21:46 [error] [exception.CHttpException.404] exception 'CHttpException' with message 'Unable to resolve the request "dcsName".' in /var/www/yii/framework/web/CWebApplication.php:286
Stack trace:
#0 /var/www/yii/framework/web/CWebApplication.php(141): CWebApplication->runController('dcsName')
#1 /var/www/yii/framework/base/CApplication.php(180): CWebApplication->processRequest()
#2 /var/www/ribom/index.php(13): CApplication->run()
#3 {main}
REQUEST_URI=/ribom/index.php?r=dcsName
---
2014/10/04 06:32:01 [error] [exception.CHttpException.404] exception 'CHttpException' with message 'Unable to resolve the request "department".' in /var/www/yii/framework/web/CWebApplication.php:286
Stack trace:
#0 /var/www/yii/framework/web/CWebApplication.php(141): CWebApplication->runController('department')
#1 /var/www/yii/framework/base/CApplication.php(180): CWebApplication->processRequest()
#2 /var/www/ribom/index.php(13): CApplication->run()
#3 {main}
REQUEST_URI=/ribom/index.php?r=department
---
2014/10/04 06:32:14 [error] [exception.CHttpException.404] exception 'CHttpException' with message 'Unable to resolve the request "departments".' in /var/www/yii/framework/web/CWebApplication.php:286
Stack trace:
#0 /var/www/yii/framework/web/CWebApplication.php(141): CWebApplication->runController('departments')
#1 /var/www/yii/framework/base/CApplication.php(180): CWebApplication->processRequest()
#2 /var/www/ribom/index.php(13): CApplication->run()
#3 {main}
REQUEST_URI=/ribom/index.php?r=departments
---
2014/10/04 06:33:21 [error] [system.db.CDbCommand] CDbCommand::execute() failed: SQLSTATE[23000]: Integrity constraint violation: 1452 Cannot add or update a child row: a foreign key constraint fails (`ribom`.`DCS_name`, CONSTRAINT `fk_DCS_name_dept` FOREIGN KEY (`fulldept`) REFERENCES `departments` (`countryid`) ON UPDATE NO ACTION). The SQL statement executed was: INSERT INTO `DCS_name` (`fulldept`, `country_id`, `dcs_name`) VALUES (:yp0, :yp1, :yp2).
in /var/www/ribom/protected/controllers/DCSNameController.php (73)
in /var/www/ribom/index.php (13)
2014/10/04 06:33:21 [error] [exception.CDbException] exception 'CDbException' with message 'CDbCommand failed to execute the SQL statement: SQLSTATE[23000]: Integrity constraint violation: 1452 Cannot add or update a child row: a foreign key constraint fails (`ribom`.`DCS_name`, CONSTRAINT `fk_DCS_name_dept` FOREIGN KEY (`fulldept`) REFERENCES `departments` (`countryid`) ON UPDATE NO ACTION). The SQL statement executed was: INSERT INTO `DCS_name` (`fulldept`, `country_id`, `dcs_name`) VALUES (:yp0, :yp1, :yp2)' in /var/www/yii/framework/db/CDbCommand.php:358
Stack trace:
#0 /var/www/yii/framework/db/ar/CActiveRecord.php(1077): CDbCommand->execute()
#1 /var/www/yii/framework/db/ar/CActiveRecord.php(806): CActiveRecord->insert(NULL)
#2 /var/www/ribom/protected/controllers/DCSNameController.php(73): CActiveRecord->save()
#3 /var/www/yii/framework/web/actions/CInlineAction.php(49): DCSNameController->actionCreate()
#4 /var/www/yii/framework/web/CController.php(308): CInlineAction->runWithParams(Array)
#5 /var/www/yii/framework/web/filters/CFilterChain.php(133): CController->runAction(Object(CInlineAction))
#6 /var/www/yii/framework/web/filters/CFilter.php(40): CFilterChain->run()
#7 /var/www/yii/framework/web/CController.php(1145): CFilter->filter(Object(CFilterChain))
#8 /var/www/yii/framework/web/filters/CInlineFilter.php(58): CController->filterAccessControl(Object(CFilterChain))
#9 /var/www/yii/framework/web/filters/CFilterChain.php(130): CInlineFilter->filter(Object(CFilterChain))
#10 /var/www/yii/framework/web/CController.php(291): CFilterChain->run()
#11 /var/www/yii/framework/web/CController.php(265): CController->runActionWithFilters(Object(CInlineAction), Array)
#12 /var/www/yii/framework/web/CWebApplication.php(282): CController->run('create')
#13 /var/www/yii/framework/web/CWebApplication.php(141): CWebApplication->runController('dCSName/create')
#14 /var/www/yii/framework/base/CApplication.php(180): CWebApplication->processRequest()
#15 /var/www/ribom/index.php(13): CApplication->run()
#16 {main}
REQUEST_URI=/ribom/index.php?r=dCSName/create
HTTP_REFERER=http://127.0.0.1/ribom/index.php?r=dCSName/create
---
2014/10/04 08:57:56 [error] [exception.CHttpException.404] exception 'CHttpException' with message 'Unable to resolve the request "departments".' in /var/www/yii/framework/web/CWebApplication.php:286
Stack trace:
#0 /var/www/yii/framework/web/CWebApplication.php(141): CWebApplication->runController('departments')
#1 /var/www/yii/framework/base/CApplication.php(180): CWebApplication->processRequest()
#2 /var/www/ribom/index.php(13): CApplication->run()
#3 {main}
REQUEST_URI=/ribom/index.php?r=departments
---
2014/10/04 09:02:12 [error] [php] Undefined offset: 1 (/var/www/yii/framework/db/schema/CDbCommandBuilder.php:557)
Stack trace:
#0 /var/www/yii/framework/validators/CInlineValidator.php(42): DCSName->exists()
#1 /var/www/yii/framework/validators/CValidator.php(213): CInlineValidator->validateAttribute()
#2 /var/www/yii/framework/base/CModel.php(159): CInlineValidator->validate()
#3 /var/www/yii/framework/web/widgets/CActiveForm.php(920): DCSName->validate()
#4 /var/www/ribom/protected/controllers/DCSNameController.php(169): validate()
#5 /var/www/ribom/protected/controllers/DCSNameController.php(68): DCSNameController->performAjaxValidation()
#6 /var/www/yii/framework/web/actions/CInlineAction.php(49): DCSNameController->actionCreate()
#7 /var/www/yii/framework/web/CController.php(308): CInlineAction->runWithParams()
#8 /var/www/yii/framework/web/filters/CFilterChain.php(133): DCSNameController->runAction()
#9 /var/www/yii/framework/web/filters/CFilter.php(40): CFilterChain->run()
#10 /var/www/yii/framework/web/CController.php(1145): CAccessControlFilter->filter()
#11 /var/www/yii/framework/web/filters/CInlineFilter.php(58): DCSNameController->filterAccessControl()
#12 /var/www/yii/framework/web/filters/CFilterChain.php(130): CInlineFilter->filter()
#13 /var/www/yii/framework/web/CController.php(291): CFilterChain->run()
#14 /var/www/yii/framework/web/CController.php(265): DCSNameController->runActionWithFilters()
#15 /var/www/yii/framework/web/CWebApplication.php(282): DCSNameController->run()
#16 /var/www/yii/framework/web/CWebApplication.php(141): CWebApplication->runController()
#17 /var/www/yii/framework/base/CApplication.php(180): CWebApplication->processRequest()
#18 /var/www/ribom/index.php(13): CWebApplication->run()
REQUEST_URI=/ribom/index.php?r=dCSName/create
in /var/www/ribom/protected/controllers/DCSNameController.php (169)
in /var/www/ribom/protected/controllers/DCSNameController.php (68)
in /var/www/ribom/index.php (13)
2014/10/04 09:02:14 [error] [php] Undefined offset: 1 (/var/www/yii/framework/db/schema/CDbCommandBuilder.php:557)
Stack trace:
#0 /var/www/yii/framework/validators/CInlineValidator.php(42): DCSName->exists()
#1 /var/www/yii/framework/validators/CValidator.php(213): CInlineValidator->validateAttribute()
#2 /var/www/yii/framework/base/CModel.php(159): CInlineValidator->validate()
#3 /var/www/yii/framework/web/widgets/CActiveForm.php(920): DCSName->validate()
#4 /var/www/ribom/protected/controllers/DCSNameController.php(169): validate()
#5 /var/www/ribom/protected/controllers/DCSNameController.php(68): DCSNameController->performAjaxValidation()
#6 /var/www/yii/framework/web/actions/CInlineAction.php(49): DCSNameController->actionCreate()
#7 /var/www/yii/framework/web/CController.php(308): CInlineAction->runWithParams()
#8 /var/www/yii/framework/web/filters/CFilterChain.php(133): DCSNameController->runAction()
#9 /var/www/yii/framework/web/filters/CFilter.php(40): CFilterChain->run()
#10 /var/www/yii/framework/web/CController.php(1145): CAccessControlFilter->filter()
#11 /var/www/yii/framework/web/filters/CInlineFilter.php(58): DCSNameController->filterAccessControl()
#12 /var/www/yii/framework/web/filters/CFilterChain.php(130): CInlineFilter->filter()
#13 /var/www/yii/framework/web/CController.php(291): CFilterChain->run()
#14 /var/www/yii/framework/web/CController.php(265): DCSNameController->runActionWithFilters()
#15 /var/www/yii/framework/web/CWebApplication.php(282): DCSNameController->run()
#16 /var/www/yii/framework/web/CWebApplication.php(141): CWebApplication->runController()
#17 /var/www/yii/framework/base/CApplication.php(180): CWebApplication->processRequest()
#18 /var/www/ribom/index.php(13): CWebApplication->run()
REQUEST_URI=/ribom/index.php?r=dCSName/create
in /var/www/ribom/protected/controllers/DCSNameController.php (169)
in /var/www/ribom/protected/controllers/DCSNameController.php (68)
in /var/www/ribom/index.php (13)
2014/10/04 09:02:15 [error] [php] Undefined offset: 1 (/var/www/yii/framework/db/schema/CDbCommandBuilder.php:557)
Stack trace:
#0 /var/www/yii/framework/validators/CInlineValidator.php(42): DCSName->exists()
#1 /var/www/yii/framework/validators/CValidator.php(213): CInlineValidator->validateAttribute()
#2 /var/www/yii/framework/base/CModel.php(159): CInlineValidator->validate()
#3 /var/www/yii/framework/db/ar/CActiveRecord.php(805): DCSName->validate()
#4 /var/www/ribom/protected/controllers/DCSNameController.php(73): DCSName->save()
#5 /var/www/yii/framework/web/actions/CInlineAction.php(49): DCSNameController->actionCreate()
#6 /var/www/yii/framework/web/CController.php(308): CInlineAction->runWithParams()
#7 /var/www/yii/framework/web/filters/CFilterChain.php(133): DCSNameController->runAction()
#8 /var/www/yii/framework/web/filters/CFilter.php(40): CFilterChain->run()
#9 /var/www/yii/framework/web/CController.php(1145): CAccessControlFilter->filter()
#10 /var/www/yii/framework/web/filters/CInlineFilter.php(58): DCSNameController->filterAccessControl()
#11 /var/www/yii/framework/web/filters/CFilterChain.php(130): CInlineFilter->filter()
#12 /var/www/yii/framework/web/CController.php(291): CFilterChain->run()
#13 /var/www/yii/framework/web/CController.php(265): DCSNameController->runActionWithFilters()
#14 /var/www/yii/framework/web/CWebApplication.php(282): DCSNameController->run()
#15 /var/www/yii/framework/web/CWebApplication.php(141): CWebApplication->runController()
#16 /var/www/yii/framework/base/CApplication.php(180): CWebApplication->processRequest()
#17 /var/www/ribom/index.php(13): CWebApplication->run()
REQUEST_URI=/ribom/index.php?r=dCSName/create
in /var/www/ribom/protected/controllers/DCSNameController.php (73)
in /var/www/ribom/index.php (13)
2014/10/04 09:02:15 [error] [php] Undefined offset: 1 (/var/www/yii/framework/db/schema/CDbCommandBuilder.php:557)
Stack trace:
#0 /var/www/yii/framework/validators/CInlineValidator.php(42): DCSName->exists()
#1 /var/www/yii/framework/validators/CValidator.php(213): CInlineValidator->validateAttribute()
#2 /var/www/yii/framework/base/CModel.php(159): CInlineValidator->validate()
#3 /var/www/yii/framework/web/widgets/CActiveForm.php(920): DCSName->validate()
#4 /var/www/ribom/protected/controllers/DCSNameController.php(169): validate()
#5 /var/www/ribom/protected/controllers/DCSNameController.php(68): DCSNameController->performAjaxValidation()
#6 /var/www/yii/framework/web/actions/CInlineAction.php(49): DCSNameController->actionCreate()
#7 /var/www/yii/framework/web/CController.php(308): CInlineAction->runWithParams()
#8 /var/www/yii/framework/web/filters/CFilterChain.php(133): DCSNameController->runAction()
#9 /var/www/yii/framework/web/filters/CFilter.php(40): CFilterChain->run()
#10 /var/www/yii/framework/web/CController.php(1145): CAccessControlFilter->filter()
#11 /var/www/yii/framework/web/filters/CInlineFilter.php(58): DCSNameController->filterAccessControl()
#12 /var/www/yii/framework/web/filters/CFilterChain.php(130): CInlineFilter->filter()
#13 /var/www/yii/framework/web/CController.php(291): CFilterChain->run()
#14 /var/www/yii/framework/web/CController.php(265): DCSNameController->runActionWithFilters()
#15 /var/www/yii/framework/web/CWebApplication.php(282): DCSNameController->run()
#16 /var/www/yii/framework/web/CWebApplication.php(141): CWebApplication->runController()
#17 /var/www/yii/framework/base/CApplication.php(180): CWebApplication->processRequest()
#18 /var/www/ribom/index.php(13): CWebApplication->run()
REQUEST_URI=/ribom/index.php?r=dCSName/create
in /var/www/ribom/protected/controllers/DCSNameController.php (169)
in /var/www/ribom/protected/controllers/DCSNameController.php (68)
in /var/www/ribom/index.php (13)
2014/10/04 09:02:46 [error] [php] Undefined offset: 1 (/var/www/yii/framework/db/schema/CDbCommandBuilder.php:557)
Stack trace:
#0 /var/www/yii/framework/validators/CInlineValidator.php(42): DCSName->exists()
#1 /var/www/yii/framework/validators/CValidator.php(213): CInlineValidator->validateAttribute()
#2 /var/www/yii/framework/base/CModel.php(159): CInlineValidator->validate()
#3 /var/www/yii/framework/db/ar/CActiveRecord.php(805): DCSName->validate()
#4 /var/www/ribom/protected/controllers/DCSNameController.php(73): DCSName->save()
#5 /var/www/yii/framework/web/actions/CInlineAction.php(49): DCSNameController->actionCreate()
#6 /var/www/yii/framework/web/CController.php(308): CInlineAction->runWithParams()
#7 /var/www/yii/framework/web/filters/CFilterChain.php(133): DCSNameController->runAction()
#8 /var/www/yii/framework/web/filters/CFilter.php(40): CFilterChain->run()
#9 /var/www/yii/framework/web/CController.php(1145): CAccessControlFilter->filter()
#10 /var/www/yii/framework/web/filters/CInlineFilter.php(58): DCSNameController->filterAccessControl()
#11 /var/www/yii/framework/web/filters/CFilterChain.php(130): CInlineFilter->filter()
#12 /var/www/yii/framework/web/CController.php(291): CFilterChain->run()
#13 /var/www/yii/framework/web/CController.php(265): DCSNameController->runActionWithFilters()
#14 /var/www/yii/framework/web/CWebApplication.php(282): DCSNameController->run()
#15 /var/www/yii/framework/web/CWebApplication.php(141): CWebApplication->runController()
#16 /var/www/yii/framework/base/CApplication.php(180): CWebApplication->processRequest()
#17 /var/www/ribom/index.php(13): CWebApplication->run()
REQUEST_URI=/ribom/index.php?r=dCSName/create
in /var/www/ribom/protected/controllers/DCSNameController.php (73)
in /var/www/ribom/index.php (13)
2014/10/04 09:04:33 [error] [php] Undefined offset: 1 (/var/www/yii/framework/db/schema/CDbCommandBuilder.php:557)
Stack trace:
#0 /var/www/yii/framework/validators/CInlineValidator.php(42): DCSName->exists()
#1 /var/www/yii/framework/validators/CValidator.php(213): CInlineValidator->validateAttribute()
#2 /var/www/yii/framework/base/CModel.php(159): CInlineValidator->validate()
#3 /var/www/yii/framework/web/widgets/CActiveForm.php(920): DCSName->validate()
#4 /var/www/ribom/protected/controllers/DCSNameController.php(169): validate()
#5 /var/www/ribom/protected/controllers/DCSNameController.php(68): DCSNameController->performAjaxValidation()
#6 /var/www/yii/framework/web/actions/CInlineAction.php(49): DCSNameController->actionCreate()
#7 /var/www/yii/framework/web/CController.php(308): CInlineAction->runWithParams()
#8 /var/www/yii/framework/web/filters/CFilterChain.php(133): DCSNameController->runAction()
#9 /var/www/yii/framework/web/filters/CFilter.php(40): CFilterChain->run()
#10 /var/www/yii/framework/web/CController.php(1145): CAccessControlFilter->filter()
#11 /var/www/yii/framework/web/filters/CInlineFilter.php(58): DCSNameController->filterAccessControl()
#12 /var/www/yii/framework/web/filters/CFilterChain.php(130): CInlineFilter->filter()
#13 /var/www/yii/framework/web/CController.php(291): CFilterChain->run()
#14 /var/www/yii/framework/web/CController.php(265): DCSNameController->runActionWithFilters()
#15 /var/www/yii/framework/web/CWebApplication.php(282): DCSNameController->run()
#16 /var/www/yii/framework/web/CWebApplication.php(141): CWebApplication->runController()
#17 /var/www/yii/framework/base/CApplication.php(180): CWebApplication->processRequest()
#18 /var/www/ribom/index.php(13): CWebApplication->run()
REQUEST_URI=/ribom/index.php?r=dCSName/create
in /var/www/ribom/protected/controllers/DCSNameController.php (169)
in /var/www/ribom/protected/controllers/DCSNameController.php (68)
in /var/www/ribom/index.php (13)
2014/10/04 09:04:34 [error] [php] Undefined offset: 1 (/var/www/yii/framework/db/schema/CDbCommandBuilder.php:557)
Stack trace:
#0 /var/www/yii/framework/validators/CInlineValidator.php(42): DCSName->exists()
#1 /var/www/yii/framework/validators/CValidator.php(213): CInlineValidator->validateAttribute()
#2 /var/www/yii/framework/base/CModel.php(159): CInlineValidator->validate()
#3 /var/www/yii/framework/web/widgets/CActiveForm.php(920): DCSName->validate()
#4 /var/www/ribom/protected/controllers/DCSNameController.php(169): validate()
#5 /var/www/ribom/protected/controllers/DCSNameController.php(68): DCSNameController->performAjaxValidation()
#6 /var/www/yii/framework/web/actions/CInlineAction.php(49): DCSNameController->actionCreate()
#7 /var/www/yii/framework/web/CController.php(308): CInlineAction->runWithParams()
#8 /var/www/yii/framework/web/filters/CFilterChain.php(133): DCSNameController->runAction()
#9 /var/www/yii/framework/web/filters/CFilter.php(40): CFilterChain->run()
#10 /var/www/yii/framework/web/CController.php(1145): CAccessControlFilter->filter()
#11 /var/www/yii/framework/web/filters/CInlineFilter.php(58): DCSNameController->filterAccessControl()
#12 /var/www/yii/framework/web/filters/CFilterChain.php(130): CInlineFilter->filter()
#13 /var/www/yii/framework/web/CController.php(291): CFilterChain->run()
#14 /var/www/yii/framework/web/CController.php(265): DCSNameController->runActionWithFilters()
#15 /var/www/yii/framework/web/CWebApplication.php(282): DCSNameController->run()
#16 /var/www/yii/framework/web/CWebApplication.php(141): CWebApplication->runController()
#17 /var/www/yii/framework/base/CApplication.php(180): CWebApplication->processRequest()
#18 /var/www/ribom/index.php(13): CWebApplication->run()
REQUEST_URI=/ribom/index.php?r=dCSName/create
in /var/www/ribom/protected/controllers/DCSNameController.php (169)
in /var/www/ribom/protected/controllers/DCSNameController.php (68)
in /var/www/ribom/index.php (13)
2014/10/04 09:04:36 [error] [php] Undefined offset: 1 (/var/www/yii/framework/db/schema/CDbCommandBuilder.php:557)
Stack trace:
#0 /var/www/yii/framework/validators/CInlineValidator.php(42): DCSName->exists()
#1 /var/www/yii/framework/validators/CValidator.php(213): CInlineValidator->validateAttribute()
#2 /var/www/yii/framework/base/CModel.php(159): CInlineValidator->validate()
#3 /var/www/yii/framework/web/widgets/CActiveForm.php(920): DCSName->validate()
#4 /var/www/ribom/protected/controllers/DCSNameController.php(169): validate()
#5 /var/www/ribom/protected/controllers/DCSNameController.php(68): DCSNameController->performAjaxValidation()
#6 /var/www/yii/framework/web/actions/CInlineAction.php(49): DCSNameController->actionCreate()
#7 /var/www/yii/framework/web/CController.php(308): CInlineAction->runWithParams()
#8 /var/www/yii/framework/web/filters/CFilterChain.php(133): DCSNameController->runAction()
#9 /var/www/yii/framework/web/filters/CFilter.php(40): CFilterChain->run()
#10 /var/www/yii/framework/web/CController.php(1145): CAccessControlFilter->filter()
#11 /var/www/yii/framework/web/filters/CInlineFilter.php(58): DCSNameController->filterAccessControl()
#12 /var/www/yii/framework/web/filters/CFilterChain.php(130): CInlineFilter->filter()
#13 /var/www/yii/framework/web/CController.php(291): CFilterChain->run()
#14 /var/www/yii/framework/web/CController.php(265): DCSNameController->runActionWithFilters()
#15 /var/www/yii/framework/web/CWebApplication.php(282): DCSNameController->run()
#16 /var/www/yii/framework/web/CWebApplication.php(141): CWebApplication->runController()
#17 /var/www/yii/framework/base/CApplication.php(180): CWebApplication->processRequest()
#18 /var/www/ribom/index.php(13): CWebApplication->run()
REQUEST_URI=/ribom/index.php?r=dCSName/create
in /var/www/ribom/protected/controllers/DCSNameController.php (169)
in /var/www/ribom/protected/controllers/DCSNameController.php (68)
in /var/www/ribom/index.php (13)
2014/10/04 09:04:37 [error] [php] Undefined offset: 1 (/var/www/yii/framework/db/schema/CDbCommandBuilder.php:557)
Stack trace:
#0 /var/www/yii/framework/validators/CInlineValidator.php(42): DCSName->exists()
#1 /var/www/yii/framework/validators/CValidator.php(213): CInlineValidator->validateAttribute()
#2 /var/www/yii/framework/base/CModel.php(159): CInlineValidator->validate()
#3 /var/www/yii/framework/db/ar/CActiveRecord.php(805): DCSName->validate()
#4 /var/www/ribom/protected/controllers/DCSNameController.php(73): DCSName->save()
#5 /var/www/yii/framework/web/actions/CInlineAction.php(49): DCSNameController->actionCreate()
#6 /var/www/yii/framework/web/CController.php(308): CInlineAction->runWithParams()
#7 /var/www/yii/framework/web/filters/CFilterChain.php(133): DCSNameController->runAction()
#8 /var/www/yii/framework/web/filters/CFilter.php(40): CFilterChain->run()
#9 /var/www/yii/framework/web/CController.php(1145): CAccessControlFilter->filter()
#10 /var/www/yii/framework/web/filters/CInlineFilter.php(58): DCSNameController->filterAccessControl()
#11 /var/www/yii/framework/web/filters/CFilterChain.php(130): CInlineFilter->filter()
#12 /var/www/yii/framework/web/CController.php(291): CFilterChain->run()
#13 /var/www/yii/framework/web/CController.php(265): DCSNameController->runActionWithFilters()
#14 /var/www/yii/framework/web/CWebApplication.php(282): DCSNameController->run()
#15 /var/www/yii/framework/web/CWebApplication.php(141): CWebApplication->runController()
#16 /var/www/yii/framework/base/CApplication.php(180): CWebApplication->processRequest()
#17 /var/www/ribom/index.php(13): CWebApplication->run()
REQUEST_URI=/ribom/index.php?r=dCSName/create
in /var/www/ribom/protected/controllers/DCSNameController.php (73)
in /var/www/ribom/index.php (13)
2014/10/04 09:05:38 [error] [exception.CException] exception 'CException' with message 'Property "CExistValidator.0" is not defined.' in /var/www/yii/framework/base/CComponent.php:173
Stack trace:
#0 /var/www/yii/framework/validators/CValidator.php(189): CComponent->__set('0', 'skipOnError')
#1 /var/www/yii/framework/base/CModel.php(287): CValidator::createValidator('exist', Object(DCSName), 'fulldept', Array)
#2 /var/www/yii/framework/base/CModel.php(260): CModel->createValidators()
#3 /var/www/yii/framework/base/CModel.php(547): CModel->getValidators()
#4 /var/www/yii/framework/web/widgets/CActiveForm.php(564): CModel->getSafeAttributeNames()
#5 /var/www/ribom/protected/views/dCSName/_form.php(22): CActiveForm->errorSummary(Object(DCSName))
#6 /var/www/yii/framework/web/CBaseController.php(126): require('/var/www/ribom/...')
#7 /var/www/yii/framework/web/CBaseController.php(95): CBaseController->renderInternal('/var/www/ribom/...', Array, true)
#8 /var/www/yii/framework/web/CController.php(869): CBaseController->renderFile('/var/www/ribom/...', Array, true)
#9 /var/www/ribom/protected/views/dCSName/create.php(18): CController->renderPartial('_form', Array)
#10 /var/www/yii/framework/web/CBaseController.php(126): require('/var/www/ribom/...')
#11 /var/www/yii/framework/web/CBaseController.php(95): CBaseController->renderInternal('/var/www/ribom/...', Array, true)
#12 /var/www/yii/framework/web/CController.php(869): CBaseController->renderFile('/var/www/ribom/...', Array, true)
#13 /var/www/yii/framework/web/CController.php(782): CController->renderPartial('create', Array, true)
#14 /var/www/ribom/protected/controllers/DCSNameController.php(79): CController->render('create', Array)
#15 /var/www/yii/framework/web/actions/CInlineAction.php(49): DCSNameController->actionCreate()
#16 /var/www/yii/framework/web/CController.php(308): CInlineAction->runWithParams(Array)
#17 /var/www/yii/framework/web/filters/CFilterChain.php(133): CController->runAction(Object(CInlineAction))
#18 /var/www/yii/framework/web/filters/CFilter.php(40): CFilterChain->run()
#19 /var/www/yii/framework/web/CController.php(1145): CFilter->filter(Object(CFilterChain))
#20 /var/www/yii/framework/web/filters/CInlineFilter.php(58): CController->filterAccessControl(Object(CFilterChain))
#21 /var/www/yii/framework/web/filters/CFilterChain.php(130): CInlineFilter->filter(Object(CFilterChain))
#22 /var/www/yii/framework/web/CController.php(291): CFilterChain->run()
#23 /var/www/yii/framework/web/CController.php(265): CController->runActionWithFilters(Object(CInlineAction), Array)
#24 /var/www/yii/framework/web/CWebApplication.php(282): CController->run('create')
#25 /var/www/yii/framework/web/CWebApplication.php(141): CWebApplication->runController('dCSName/create')
#26 /var/www/yii/framework/base/CApplication.php(180): CWebApplication->processRequest()
#27 /var/www/ribom/index.php(13): CApplication->run()
#28 {main}
REQUEST_URI=/ribom/index.php?r=dCSName/create
---
2014/10/04 09:05:43 [error] [exception.CException] exception 'CException' with message 'Property "CExistValidator.0" is not defined.' in /var/www/yii/framework/base/CComponent.php:173
Stack trace:
#0 /var/www/yii/framework/validators/CValidator.php(189): CComponent->__set('0', 'skipOnError')
#1 /var/www/yii/framework/base/CModel.php(287): CValidator::createValidator('exist', Object(DCSName), 'fulldept', Array)
#2 /var/www/yii/framework/base/CModel.php(260): CModel->createValidators()
#3 /var/www/yii/framework/base/CModel.php(547): CModel->getValidators()
#4 /var/www/yii/framework/web/widgets/CActiveForm.php(564): CModel->getSafeAttributeNames()
#5 /var/www/ribom/protected/views/dCSName/_form.php(22): CActiveForm->errorSummary(Object(DCSName))
#6 /var/www/yii/framework/web/CBaseController.php(126): require('/var/www/ribom/...')
#7 /var/www/yii/framework/web/CBaseController.php(95): CBaseController->renderInternal('/var/www/ribom/...', Array, true)
#8 /var/www/yii/framework/web/CController.php(869): CBaseController->renderFile('/var/www/ribom/...', Array, true)
#9 /var/www/ribom/protected/views/dCSName/create.php(18): CController->renderPartial('_form', Array)
#10 /var/www/yii/framework/web/CBaseController.php(126): require('/var/www/ribom/...')
#11 /var/www/yii/framework/web/CBaseController.php(95): CBaseController->renderInternal('/var/www/ribom/...', Array, true)
#12 /var/www/yii/framework/web/CController.php(869): CBaseController->renderFile('/var/www/ribom/...', Array, true)
#13 /var/www/yii/framework/web/CController.php(782): CController->renderPartial('create', Array, true)
#14 /var/www/ribom/protected/controllers/DCSNameController.php(79): CController->render('create', Array)
#15 /var/www/yii/framework/web/actions/CInlineAction.php(49): DCSNameController->actionCreate()
#16 /var/www/yii/framework/web/CController.php(308): CInlineAction->runWithParams(Array)
#17 /var/www/yii/framework/web/filters/CFilterChain.php(133): CController->runAction(Object(CInlineAction))
#18 /var/www/yii/framework/web/filters/CFilter.php(40): CFilterChain->run()
#19 /var/www/yii/framework/web/CController.php(1145): CFilter->filter(Object(CFilterChain))
#20 /var/www/yii/framework/web/filters/CInlineFilter.php(58): CController->filterAccessControl(Object(CFilterChain))
#21 /var/www/yii/framework/web/filters/CFilterChain.php(130): CInlineFilter->filter(Object(CFilterChain))
#22 /var/www/yii/framework/web/CController.php(291): CFilterChain->run()
#23 /var/www/yii/framework/web/CController.php(265): CController->runActionWithFilters(Object(CInlineAction), Array)
#24 /var/www/yii/framework/web/CWebApplication.php(282): CController->run('create')
#25 /var/www/yii/framework/web/CWebApplication.php(141): CWebApplication->runController('dCSName/create')
#26 /var/www/yii/framework/base/CApplication.php(180): CWebApplication->processRequest()
#27 /var/www/ribom/index.php(13): CApplication->run()
#28 {main}
REQUEST_URI=/ribom/index.php?r=dCSName/create
HTTP_REFERER=http://127.0.0.1/ribom/index.php?r=dCSName
---
2014/10/04 09:12:57 [error] [exception.CException] exception 'CException' with message 'Property "CExistValidator.0" is not defined.' in /var/www/yii/framework/base/CComponent.php:173
Stack trace:
#0 /var/www/yii/framework/validators/CValidator.php(189): CComponent->__set('0', 'skipOnError')
#1 /var/www/yii/framework/base/CModel.php(287): CValidator::createValidator('exist', Object(DCSName), 'fulldept', Array)
#2 /var/www/yii/framework/base/CModel.php(260): CModel->createValidators()
#3 /var/www/yii/framework/base/CModel.php(547): CModel->getValidators()
#4 /var/www/yii/framework/web/widgets/CActiveForm.php(564): CModel->getSafeAttributeNames()
#5 /var/www/ribom/protected/views/dCSName/_form.php(22): CActiveForm->errorSummary(Object(DCSName))
#6 /var/www/yii/framework/web/CBaseController.php(126): require('/var/www/ribom/...')
#7 /var/www/yii/framework/web/CBaseController.php(95): CBaseController->renderInternal('/var/www/ribom/...', Array, true)
#8 /var/www/yii/framework/web/CController.php(869): CBaseController->renderFile('/var/www/ribom/...', Array, true)
#9 /var/www/ribom/protected/views/dCSName/create.php(18): CController->renderPartial('_form', Array)
#10 /var/www/yii/framework/web/CBaseController.php(126): require('/var/www/ribom/...')
#11 /var/www/yii/framework/web/CBaseController.php(95): CBaseController->renderInternal('/var/www/ribom/...', Array, true)
#12 /var/www/yii/framework/web/CController.php(869): CBaseController->renderFile('/var/www/ribom/...', Array, true)
#13 /var/www/yii/framework/web/CController.php(782): CController->renderPartial('create', Array, true)
#14 /var/www/ribom/protected/controllers/DCSNameController.php(79): CController->render('create', Array)
#15 /var/www/yii/framework/web/actions/CInlineAction.php(49): DCSNameController->actionCreate()
#16 /var/www/yii/framework/web/CController.php(308): CInlineAction->runWithParams(Array)
#17 /var/www/yii/framework/web/filters/CFilterChain.php(133): CController->runAction(Object(CInlineAction))
#18 /var/www/yii/framework/web/filters/CFilter.php(40): CFilterChain->run()
#19 /var/www/yii/framework/web/CController.php(1145): CFilter->filter(Object(CFilterChain))
#20 /var/www/yii/framework/web/filters/CInlineFilter.php(58): CController->filterAccessControl(Object(CFilterChain))
#21 /var/www/yii/framework/web/filters/CFilterChain.php(130): CInlineFilter->filter(Object(CFilterChain))
#22 /var/www/yii/framework/web/CController.php(291): CFilterChain->run()
#23 /var/www/yii/framework/web/CController.php(265): CController->runActionWithFilters(Object(CInlineAction), Array)
#24 /var/www/yii/framework/web/CWebApplication.php(282): CController->run('create')
#25 /var/www/yii/framework/web/CWebApplication.php(141): CWebApplication->runController('dCSName/create')
#26 /var/www/yii/framework/base/CApplication.php(180): CWebApplication->processRequest()
#27 /var/www/ribom/index.php(13): CApplication->run()
#28 {main}
REQUEST_URI=/ribom/index.php?r=dCSName/create
HTTP_REFERER=http://127.0.0.1/ribom/index.php?r=dCSName
---
2014/10/04 09:31:36 [warning] [application] Failed to set unsafe attribute "dcs_id" of "DCSName".
in /var/www/ribom/protected/controllers/DCSNameController.php (139)
in /var/www/ribom/index.php (13)
